0 info it worked if it ends with ok
1 verbose cli [ 'C:\\Program Files\\nodejs\\node.exe',
1 verbose cli   'C:\\Program Files\\nodejs\\node_modules\\npm\\bin\\npm-cli.js',
1 verbose cli   'run',
1 verbose cli   'dev' ]
2 info using npm@3.10.10
3 info using node@v7.2.1
4 verbose run-script [ 'predev', 'dev', 'postdev' ]
5 info lifecycle mew-custom@1.1.0~predev: mew-custom@1.1.0
6 silly lifecycle mew-custom@1.1.0~predev: no script for predev, continuing
7 info lifecycle mew-custom@1.1.0~dev: mew-custom@1.1.0
8 verbose lifecycle mew-custom@1.1.0~dev: unsafe-perm in lifecycle true
9 verbose lifecycle mew-custom@1.1.0~dev: PATH: C:\Program Files\nodejs\node_modules\npm\bin\node-gyp-bin;F:\DEV\萌娘工坊\MOEWallet\etherwallet-mercury\node_modules\.bin;C:\Program Files\NVIDIA GPU Computing Toolkit\CUDA\v8.0\bin;C:\Program Files\NVIDIA GPU Computing Toolkit\CUDA\v8.0\libnvvp;F:\【HARD】\STM资料\驱动\asm;C:\Program Files (x86)\Common Files\NetSarang;C:\Program Files (x86)\Intel\iCLS Client\;C:\Program Files\Intel\iCLS Client\;C:\Windows\system32;C:\Windows;C:\Windows\System32\Wbem;C:\Windows\System32\WindowsPowerShell\v1.0\;C:\Program Files (x86)\NVIDIA Corporation\PhysX\Common;C:\Program Files (x86)\Intel\Intel(R) Management Engine Components\DAL;C:\Program Files\Intel\Intel(R) Management Engine Components\DAL;C:\Program Files (x86)\Intel\Intel(R) Management Engine Components\IPT;C:\Program Files\Intel\Intel(R) Management Engine Components\IPT;C:\Program Files\Intel\WiFi\bin\;C:\Program Files\Common Files\Intel\WirelessCommon\;C:\Program Files (x86)\Git\cmd;C:\Program Files (x86)\Git\usr\bin;C:\Go\bin;C:\Users\Dtone\.dnx\bin;C:\Program Files\Microsoft DNX\Dnvm\;C:\Program Files\Microsoft SQL Server\120\Tools\Binn\;C:\WINDOWS\system32;C:\WINDOWS;C:\WINDOWS\System32\Wbem;C:\WINDOWS\System32\WindowsPowerShell\v1.0\;C:\Users\Dtone\AppData\Local\Android\Sdk\platform-tools;C:\Users\Dtone\AppData\Local\Android\Sdk\tools;C:\Program Files\Java\jdk1.8.0_111\bin;C:\Program Files\Java\jdk1.8.0_111\jre\bin;C:\Program Files (x86)\GtkSharp\2.12\bin;C:\ProgramData\Anaconda3;C:\ProgramData\Anaconda3\Scripts;C:\ProgramData\Anaconda3\Library\bin;C:\Program Files\nodejs\;C:\Users\Dtone\AppData\Local\Programs\Python\Python36\Scripts\;C:\Users\Dtone\AppData\Local\Programs\Python\Python36\;C:\Users\Dtone\.dnx\bin;C:\Users\Dtone\AppData\Local\Programs\Python\Python35-32\Scripts\;C:\Users\Dtone\AppData\Local\Programs\Python\Python35-32\;C:\Users\Dtone\AppData\Local\atom\bin;C:\Users\Dtone\AppData\Local\Microsoft\WindowsApps;C:\Program Files (x86)\Egret\Egret Wing 3\bin;C:\superegret\EgretWing3\bin;C:\Egret\EgretWing3\bin;C:\Program Files\Java\jdk1.8.0_111\bin;C:\Program Files\Java\jdk1.8.0_111\jre\bin;C:\Program Files (x86)\Microsoft VS Code\bin;C:\Program Files (x86)\Ruff SDK\bin;C:\Users\Dtone\AppData\Local\Microsoft\WindowsApps;C:\Users\Dtone\AppData\Roaming\npm
10 verbose lifecycle mew-custom@1.1.0~dev: CWD: F:\DEV\萌娘工坊\MOEWallet\etherwallet-mercury
11 silly lifecycle mew-custom@1.1.0~dev: Args: [ '/d /s /c', 'gulp' ]
12 verbose stack Error: kill ENOSYS
12 verbose stack     at exports._errnoException (util.js:1022:11)
12 verbose stack     at process.kill (internal/process.js:173:13)
12 verbose stack     at process.listener (C:\Program Files\nodejs\node_modules\npm\node_modules\npmlog\node_modules\gauge\node_modules\signal-exit\index.js:86:15)
12 verbose stack     at emitNone (events.js:91:20)
12 verbose stack     at process.emit (events.js:185:7)
12 verbose stack     at processEmit (C:\Program Files\nodejs\node_modules\npm\node_modules\npmlog\node_modules\gauge\node_modules\signal-exit\index.js:146:32)
12 verbose stack     at processEmit (C:\Program Files\nodejs\node_modules\npm\node_modules\npm-registry-client\node_modules\npmlog\node_modules\gauge\node_modules\signal-exit\index.js:146:32)
12 verbose stack     at Signal.wrap.onsignal (internal/process.js:200:44)
13 verbose cwd F:\DEV\萌娘工坊\MOEWallet\etherwallet-mercury
14 error Windows_NT 10.0.15063
15 error argv "C:\\Program Files\\nodejs\\node.exe" "C:\\Program Files\\nodejs\\node_modules\\npm\\bin\\npm-cli.js" "run" "dev"
16 error node v7.2.1
17 error npm  v3.10.10
18 error code ENOSYS
19 error errno ENOSYS
20 error syscall kill
21 error kill ENOSYS
22 error If you need help, you may report this error at:
22 error     <https://github.com/npm/npm/issues>
23 verbose exit [ 1, true ]
